c:\users\stephen\desktop\vgp401a\project2\debug\vc141.pdb
c:\users\stephen\desktop\vgp401a\project2\debug\vc141.idb
c:\users\stephen\desktop\vgp401a\project2\debug\actor.obj
c:\users\stephen\desktop\vgp401a\project2\debug\gamemanager.obj
c:\users\stephen\desktop\vgp401a\project2\debug\inventory.obj
c:\users\stephen\desktop\vgp401a\project2\debug\item.obj
c:\users\stephen\desktop\vgp401a\project2\debug\narration.obj
c:\users\stephen\desktop\vgp401a\project2\debug\main.obj
c:\users\stephen\desktop\vgp401a\project2\debug\glad.obj
c:\users\stephen\desktop\vgp401a\project2\debug\glfw.obj
c:\users\stephen\desktop\vgp401a\project2\debug\shaders.obj
c:\users\stephen\desktop\vgp401a\debug\thetomb.pdb
c:\users\stephen\desktop\vgp401a\project2\debug\thetomb.tlog\cl.command.1.tlog
c:\users\stephen\desktop\vgp401a\project2\debug\thetomb.tlog\cl.read.1.tlog
c:\users\stephen\desktop\vgp401a\project2\debug\thetomb.tlog\cl.write.1.tlog
c:\users\stephen\desktop\vgp401a\project2\debug\thetomb.tlog\link-cvtres.read.1.tlog
c:\users\stephen\desktop\vgp401a\project2\debug\thetomb.tlog\link-cvtres.write.1.tlog
c:\users\stephen\desktop\vgp401a\project2\debug\thetomb.tlog\link-rc.read.1.tlog
c:\users\stephen\desktop\vgp401a\project2\debug\thetomb.tlog\link-rc.write.1.tlog
c:\users\stephen\desktop\vgp401a\project2\debug\thetomb.tlog\link.command.1.tlog
c:\users\stephen\desktop\vgp401a\project2\debug\thetomb.tlog\link.read.1.tlog
c:\users\stephen\desktop\vgp401a\project2\debug\thetomb.tlog\link.write.1.tlog
